<?xml version="1.0" encoding="UTF-8"?>
<!-- Generated by org.testng.reporters.JUnitXMLReporter -->
<testsuite hostname="DESKTOP-S9VNJOV" ignored="0" name="Debyt automation" tests="5" failures="0" timestamp="05 Jun 2020 16:06:05 GMT" time="155.154" errors="0">
  <testcase name="signupStep3" time="1.645" classname="com.debyt.testCases.TC_Signup_3_DDT"/>
  <testcase name="compdetailData" time="23.286" classname="com.debyt.testCases.TC_Signup_3_DDT"/>
  <testcase name="signupStep4" time="24.495" classname="com.debyt.testCases.TC_Signup_4_DDT"/>
  <testcase name="signupStep4" time="15.548" classname="com.debyt.testCases.TC_Signup_5_DDT"/>
  <testcase name="signupStep4" time="18.795" classname="com.debyt.testCases.TC_Signup_6_DDT"/>
</testsuite> <!-- Debyt automation -->
